Using pre-set license

 COMMAND LINE ARGUMENTS:
/Applications/Unity/Hub/Editor/2020.2.4f1/Unity.app/Contents/MacOS/Unity
-adb2
-batchMode
-noUpm
-name
AssetImportWorker0
-projectPath
/Users/fernandosanchez-moramarti/Downloads/Introduction to Scripting Part 1
-logFile
Logs/AssetImportWorker0.log
-srvPort
60273
Successfully changed project path to: /Users/fernandosanchez-moramarti/Downloads/Introduction to Scripting Part 1
/Users/fernandosanchez-moramarti/Downloads/Introduction to Scripting Part 1
Using Asset Import Pipeline V2.
Refreshing native plugins compatible for Editor in 21.92 ms, found 1 plugins.
Preloading 0 native plugins for Editor in 0.00 ms.
Initialize engine version: 2020.2.4f1 (becced5a802b)
[Subsystems] Discovering subsystems at path /Applications/Unity/Hub/Editor/2020.2.4f1/Unity.app/Contents/Resources/UnitySubsystems
[Subsystems] Discovering subsystems at path /Users/fernandosanchez-moramarti/Downloads/Introduction to Scripting Part 1/Assets
GfxDevice: creating device client; threaded=0
2024-04-29 11:57:31.444 Unity[27181:1476158] (null) preferred device: Apple M1 (high power)
2024-04-29 11:57:31.444 Unity[27181:1476158] Metal devices available: 1
2024-04-29 11:57:31.444 Unity[27181:1476158] 0: Apple M1 (high power)
2024-04-29 11:57:31.444 Unity[27181:1476158] Using device Apple M1 (high power)
Initializing Metal device caps: Apple M1
Initialize mono
Mono path[0] = '/Applications/Unity/Hub/Editor/2020.2.4f1/Unity.app/Contents/Managed'
Mono path[1] = '/Applications/Unity/Hub/Editor/2020.2.4f1/Unity.app/Contents/MonoBleedingEdge/lib/mono/unityjit'
Mono config path = '/Applications/Unity/Hub/Editor/2020.2.4f1/Unity.app/Contents/MonoBleedingEdge/etc'
Using monoOptions --debugger-agent=transport=dt_socket,embedding=1,server=y,suspend=n,address=127.0.0.1:56181
Begin MonoManager ReloadAssembly
Registering precompiled unity dll's ...
Register platform support module: /Applications/Unity/Hub/Editor/2020.2.4f1/Unity.app/Contents/PlaybackEngines/MacStandaloneSupport/UnityEditor.OSXStandalone.Extensions.dll
Register platform support module: /Applications/Unity/Hub/Editor/2020.2.4f1/PlaybackEngines/WindowsStandaloneSupport/UnityEditor.WindowsStandalone.Extensions.dll
Registered in 0.000966 seconds.
Native extension for WindowsStandalone target not found
Native extension for OSXStandalone target not found
Refreshing native plugins compatible for Editor in 27.97 ms, found 1 plugins.
Preloading 0 native plugins for Editor in 0.00 ms.
Invoked RoslynAnalysisRunner static constructor.
RoslynAnalysisRunner will not be running.
RoslynAnalysisRunner has terminated.
Mono: successfully reloaded assembly
- Completed reload, in  1.743 seconds
Platform modules already initialized, skipping
Registering precompiled user dll's ...
Registered in 0.001754 seconds.
Begin MonoManager ReloadAssembly
Native extension for WindowsStandalone target not found
Native extension for OSXStandalone target not found
Refreshing native plugins compatible for Editor in 0.44 ms, found 1 plugins.
Preloading 0 native plugins for Editor in 0.00 ms.
Invoked RoslynAnalysisRunner static constructor.
RoslynAnalysisRunner will not be running.
RoslynAnalysisRunner has terminated.
Mono: successfully reloaded assembly
- Completed reload, in  1.657 seconds
Platform modules already initialized, skipping
========================================================================
Worker process is ready to serve import requests
Launching external process: /Applications/Unity/Hub/Editor/2020.2.4f1/Unity.app/Contents/Tools/UnityShaderCompiler
Launched and connected shader compiler UnityShaderCompiler after 0.24 seconds
Refreshing native plugins compatible for Editor in 0.19 ms, found 1 plugins.
Preloading 0 native plugins for Editor in 0.00 ms.
Unloading 1084 Unused Serialized files (Serialized files now loaded: 0)
System memory in use before: 58.1 MB.
System memory in use after: 58.2 MB.

Unloading 9 unused Assets to reduce memory usage. Loaded Objects now: 1526.
Total: 15.170750 ms (FindLiveObjects: 0.666250 ms CreateObjectMapping: 0.023958 ms MarkObjects: 14.159917 ms  DeleteObjects: 0.319500 ms)

========================================================================
Received Import Request.
  path: Assets/RW/Scripts/Movement.cs
  artifactKey: Guid(c98583349e9c24a529f88ca79f1e88ea) Importer(815301076,1909f56bfc062723c751e8b465ee728b)
Start importing Assets/RW/Scripts/Movement.cs using Guid(c98583349e9c24a529f88ca79f1e88ea) Importer(815301076,1909f56bfc062723c751e8b465ee728b)  -> (artifact id: 'fc630daa1bb7c575af9baa570adfb98c') in 0.647312 seconds
  Import took 0.651080 seconds .

========================================================================
Received Prepare
Registering precompiled user dll's ...
Registered in 0.000434 seconds.
Begin MonoManager ReloadAssembly
Native extension for WindowsStandalone target not found
Native extension for OSXStandalone target not found
Refreshing native plugins compatible for Editor in 0.21 ms, found 1 plugins.
Preloading 0 native plugins for Editor in 0.00 ms.
Invoked RoslynAnalysisRunner static constructor.
RoslynAnalysisRunner will not be running.
RoslynAnalysisRunner has terminated.
Mono: successfully reloaded assembly
- Completed reload, in  1.399 seconds
Platform modules already initialized, skipping
Refreshing native plugins compatible for Editor in 0.16 ms, found 1 plugins.
Preloading 0 native plugins for Editor in 0.00 ms.
Unloading 1078 Unused Serialized files (Serialized files now loaded: 0)
System memory in use before: 138.4 MB.
System memory in use after: 138.5 MB.

Unloading 4 unused Assets to reduce memory usage. Loaded Objects now: 1528.
Total: 2.099750 ms (FindLiveObjects: 0.249750 ms CreateObjectMapping: 0.024250 ms MarkObjects: 1.804667 ms  DeleteObjects: 0.020375 ms)

========================================================================
Received Prepare
Registering precompiled user dll's ...
Registered in 0.001268 seconds.
Begin MonoManager ReloadAssembly
Native extension for WindowsStandalone target not found
Native extension for OSXStandalone target not found
Refreshing native plugins compatible for Editor in 0.20 ms, found 1 plugins.
Preloading 0 native plugins for Editor in 0.00 ms.
Invoked RoslynAnalysisRunner static constructor.
RoslynAnalysisRunner will not be running.
RoslynAnalysisRunner has terminated.
Mono: successfully reloaded assembly
- Completed reload, in  1.547 seconds
Platform modules already initialized, skipping
Refreshing native plugins compatible for Editor in 0.17 ms, found 1 plugins.
Preloading 0 native plugins for Editor in 0.00 ms.
Unloading 1078 Unused Serialized files (Serialized files now loaded: 0)
System memory in use before: 140.0 MB.
System memory in use after: 140.1 MB.

Unloading 4 unused Assets to reduce memory usage. Loaded Objects now: 1530.
Total: 3.263958 ms (FindLiveObjects: 0.418834 ms CreateObjectMapping: 0.024291 ms MarkObjects: 2.795958 ms  DeleteObjects: 0.024166 ms)

========================================================================
Received Import Request.
  Time since last request: 776.285066 seconds.
  path: Assets/RW/Materials/Shared.mat
  artifactKey: Guid(76192e63ebf2cc14fb4b84f132b5cff8) Importer(815301076,1909f56bfc062723c751e8b465ee728b)
Start importing Assets/RW/Materials/Shared.mat using Guid(76192e63ebf2cc14fb4b84f132b5cff8) Importer(815301076,1909f56bfc062723c751e8b465ee728b)  -> (artifact id: '5b5dcfde25a1dddbd25196e7978b7061') in 0.610035 seconds
  Import took 0.619335 seconds .

========================================================================
Received Import Request.
  Time since last request: 87.061849 seconds.
  path: Assets/RW/Prefabs/Hay Machine Models/Hay Machine Blue.prefab
  artifactKey: Guid(5c5170d876533ae43bc2e4b15c8e6f6e) Importer(815301076,1909f56bfc062723c751e8b465ee728b)
Start importing Assets/RW/Prefabs/Hay Machine Models/Hay Machine Blue.prefab using Guid(5c5170d876533ae43bc2e4b15c8e6f6e) Importer(815301076,1909f56bfc062723c751e8b465ee728b)  -> (artifact id: '9155d33e89bfa5fa6cd6360a5f05ad13') in 0.592103 seconds
  Import took 0.601032 seconds .

========================================================================
Received Import Request.
  Time since last request: 0.000441 seconds.
  path: Assets/RW/Prefabs/Hay Machine Models/Hay Machine Yellow.prefab
  artifactKey: Guid(28d1a170d9eea59478aa66152b57f446) Importer(815301076,1909f56bfc062723c751e8b465ee728b)
Start importing Assets/RW/Prefabs/Hay Machine Models/Hay Machine Yellow.prefab using Guid(28d1a170d9eea59478aa66152b57f446) Importer(815301076,1909f56bfc062723c751e8b465ee728b)  -> (artifact id: '51787324a6eb310fa08ef68d8c02bb65') in 0.011058 seconds
  Import took 0.015681 seconds .

========================================================================
Received Import Request.
  Time since last request: 0.002183 seconds.
  path: Assets/RW/Prefabs/Hay Machine Models/Hay Machine Red.prefab
  artifactKey: Guid(5162234e78cffba45b0498c4775c0be7) Importer(815301076,1909f56bfc062723c751e8b465ee728b)
Start importing Assets/RW/Prefabs/Hay Machine Models/Hay Machine Red.prefab using Guid(5162234e78cffba45b0498c4775c0be7) Importer(815301076,1909f56bfc062723c751e8b465ee728b)  -> (artifact id: '78cd713b98cfa917f25a9e62a7f9bbb4') in 0.010431 seconds
  Import took 0.012868 seconds .

========================================================================
Received Import Request.
  Time since last request: 4.975473 seconds.
  path: Assets/RW/Music/Flying Kerfuffle.mp3
  artifactKey: Guid(99b18eec24ce44a449fa10d357d31988) Importer(815301076,1909f56bfc062723c751e8b465ee728b)
Start importing Assets/RW/Music/Flying Kerfuffle.mp3 using Guid(99b18eec24ce44a449fa10d357d31988) Importer(815301076,1909f56bfc062723c751e8b465ee728b)  -> (artifact id: '8a09d9087effb1f009dc00cb9cf5cc3c') in 0.517534 seconds
  Import took 0.522703 seconds .

========================================================================
Received Import Request.
  Time since last request: 22.323171 seconds.
  path: ProjectSettings/TagManager.asset
  artifactKey: Guid(00000000000000003000000000000000) Importer(815301076,1909f56bfc062723c751e8b465ee728b)
Start importing ProjectSettings/TagManager.asset using Guid(00000000000000003000000000000000) Importer(815301076,1909f56bfc062723c751e8b465ee728b)  -> (artifact id: 'b7b963e51bd6f0cf06903e390310c6ce') in 0.094051 seconds
  Import took 0.113132 seconds .

