Using pre-set license

 COMMAND LINE ARGUMENTS:
/Applications/Unity/Hub/Editor/2020.2.4f1/Unity.app/Contents/MacOS/Unity
-adb2
-batchMode
-noUpm
-name
AssetImportWorker1
-projectPath
/Users/fernandosanchez-moramarti/Downloads/Introduction to Scripting Part 1
-logFile
Logs/AssetImportWorker1.log
-srvPort
60918
Successfully changed project path to: /Users/fernandosanchez-moramarti/Downloads/Introduction to Scripting Part 1
/Users/fernandosanchez-moramarti/Downloads/Introduction to Scripting Part 1
Using Asset Import Pipeline V2.
Refreshing native plugins compatible for Editor in 22.09 ms, found 1 plugins.
Preloading 0 native plugins for Editor in 0.00 ms.
Initialize engine version: 2020.2.4f1 (becced5a802b)
[Subsystems] Discovering subsystems at path /Applications/Unity/Hub/Editor/2020.2.4f1/Unity.app/Contents/Resources/UnitySubsystems
[Subsystems] Discovering subsystems at path /Users/fernandosanchez-moramarti/Downloads/Introduction to Scripting Part 1/Assets
GfxDevice: creating device client; threaded=0
2024-04-30 11:28:20.567 Unity[34141:1926518] (null) preferred device: Apple M1 (high power)
2024-04-30 11:28:20.568 Unity[34141:1926518] Metal devices available: 1
2024-04-30 11:28:20.568 Unity[34141:1926518] 0: Apple M1 (high power)
2024-04-30 11:28:20.568 Unity[34141:1926518] Using device Apple M1 (high power)
Initializing Metal device caps: Apple M1
Initialize mono
Mono path[0] = '/Applications/Unity/Hub/Editor/2020.2.4f1/Unity.app/Contents/Managed'
Mono path[1] = '/Applications/Unity/Hub/Editor/2020.2.4f1/Unity.app/Contents/MonoBleedingEdge/lib/mono/unityjit'
Mono config path = '/Applications/Unity/Hub/Editor/2020.2.4f1/Unity.app/Contents/MonoBleedingEdge/etc'
Using monoOptions --debugger-agent=transport=dt_socket,embedding=1,server=y,suspend=n,address=127.0.0.1:56141
Begin MonoManager ReloadAssembly
Registering precompiled unity dll's ...
Register platform support module: /Applications/Unity/Hub/Editor/2020.2.4f1/Unity.app/Contents/PlaybackEngines/MacStandaloneSupport/UnityEditor.OSXStandalone.Extensions.dll
Register platform support module: /Applications/Unity/Hub/Editor/2020.2.4f1/PlaybackEngines/WindowsStandaloneSupport/UnityEditor.WindowsStandalone.Extensions.dll
Registered in 0.001145 seconds.
Native extension for WindowsStandalone target not found
Native extension for OSXStandalone target not found
Refreshing native plugins compatible for Editor in 21.86 ms, found 1 plugins.
Preloading 0 native plugins for Editor in 0.00 ms.
Invoked RoslynAnalysisRunner static constructor.
RoslynAnalysisRunner will not be running.
RoslynAnalysisRunner has terminated.
Mono: successfully reloaded assembly
- Completed reload, in  1.582 seconds
Platform modules already initialized, skipping
Registering precompiled user dll's ...
Registered in 0.000463 seconds.
Begin MonoManager ReloadAssembly
Native extension for WindowsStandalone target not found
Native extension for OSXStandalone target not found
Refreshing native plugins compatible for Editor in 0.20 ms, found 1 plugins.
Preloading 0 native plugins for Editor in 0.00 ms.
Invoked RoslynAnalysisRunner static constructor.
RoslynAnalysisRunner will not be running.
RoslynAnalysisRunner has terminated.
Mono: successfully reloaded assembly
- Completed reload, in  1.279 seconds
Platform modules already initialized, skipping
========================================================================
Worker process is ready to serve import requests
Launching external process: /Applications/Unity/Hub/Editor/2020.2.4f1/Unity.app/Contents/Tools/UnityShaderCompiler
Launched and connected shader compiler UnityShaderCompiler after 0.19 seconds
Refreshing native plugins compatible for Editor in 0.18 ms, found 1 plugins.
Preloading 0 native plugins for Editor in 0.00 ms.
Unloading 1098 Unused Serialized files (Serialized files now loaded: 0)
System memory in use before: 58.1 MB.
System memory in use after: 58.2 MB.

Unloading 9 unused Assets to reduce memory usage. Loaded Objects now: 1541.
Total: 2.422250 ms (FindLiveObjects: 0.138000 ms CreateObjectMapping: 0.023666 ms MarkObjects: 2.028959 ms  DeleteObjects: 0.230417 ms)

========================================================================
Received Import Request.
  path: Assets/RW/Prefabs/Sheep.prefab
  artifactKey: Guid(511237b917fb84d109e6d11e004c0175) Importer(815301076,1909f56bfc062723c751e8b465ee728b)
Start importing Assets/RW/Prefabs/Sheep.prefab using Guid(511237b917fb84d109e6d11e004c0175) Importer(815301076,1909f56bfc062723c751e8b465ee728b)  -> (artifact id: 'db844b4060ac187d74a376ba6e8de509') in 0.859759 seconds
  Import took 0.862384 seconds .

========================================================================
Received Import Request.
  Time since last request: 16.248697 seconds.
  path: Assets/RW/Prefabs/Sheep.prefab
  artifactKey: Guid(511237b917fb84d109e6d11e004c0175) Importer(815301076,1909f56bfc062723c751e8b465ee728b)
Start importing Assets/RW/Prefabs/Sheep.prefab using Guid(511237b917fb84d109e6d11e004c0175) Importer(815301076,1909f56bfc062723c751e8b465ee728b)  -> (artifact id: 'f75aef501cfdb09d027e0bfc77d7bbd3') in 0.076065 seconds
  Import took 0.100001 seconds .

========================================================================
Received Prepare
Registering precompiled user dll's ...
Registered in 0.000399 seconds.
Begin MonoManager ReloadAssembly
Native extension for WindowsStandalone target not found
Native extension for OSXStandalone target not found
Refreshing native plugins compatible for Editor in 0.21 ms, found 1 plugins.
Preloading 0 native plugins for Editor in 0.00 ms.
Invoked RoslynAnalysisRunner static constructor.
RoslynAnalysisRunner will not be running.
RoslynAnalysisRunner has terminated.
Mono: successfully reloaded assembly
- Completed reload, in  1.332 seconds
Platform modules already initialized, skipping
Refreshing native plugins compatible for Editor in 0.20 ms, found 1 plugins.
Preloading 0 native plugins for Editor in 0.00 ms.
Unloading 1092 Unused Serialized files (Serialized files now loaded: 0)
System memory in use before: 139.6 MB.
System memory in use after: 139.7 MB.

Unloading 4 unused Assets to reduce memory usage. Loaded Objects now: 1550.
Total: 2.519583 ms (FindLiveObjects: 0.135625 ms CreateObjectMapping: 0.023000 ms MarkObjects: 2.334250 ms  DeleteObjects: 0.025625 ms)

========================================================================
Received Prepare
Registering precompiled user dll's ...
Registered in 0.001632 seconds.
Begin MonoManager ReloadAssembly
Native extension for WindowsStandalone target not found
Native extension for OSXStandalone target not found
Refreshing native plugins compatible for Editor in 0.19 ms, found 1 plugins.
Preloading 0 native plugins for Editor in 0.00 ms.
Invoked RoslynAnalysisRunner static constructor.
RoslynAnalysisRunner will not be running.
RoslynAnalysisRunner has terminated.
Mono: successfully reloaded assembly
- Completed reload, in  1.316 seconds
Platform modules already initialized, skipping
Refreshing native plugins compatible for Editor in 0.19 ms, found 1 plugins.
Preloading 0 native plugins for Editor in 0.00 ms.
Unloading 1092 Unused Serialized files (Serialized files now loaded: 0)
System memory in use before: 140.9 MB.
System memory in use after: 141.0 MB.

Unloading 4 unused Assets to reduce memory usage. Loaded Objects now: 1552.
Total: 1.093500 ms (FindLiveObjects: 0.123292 ms CreateObjectMapping: 0.023291 ms MarkObjects: 0.929125 ms  DeleteObjects: 0.017000 ms)

========================================================================
Received Import Request.
  Time since last request: 122.064558 seconds.
  path: Assets/RW/Prefabs/Sheep.prefab
  artifactKey: Guid(511237b917fb84d109e6d11e004c0175) Importer(815301076,1909f56bfc062723c751e8b465ee728b)
Start importing Assets/RW/Prefabs/Sheep.prefab using Guid(511237b917fb84d109e6d11e004c0175) Importer(815301076,1909f56bfc062723c751e8b465ee728b)  -> (artifact id: '09fb1e7b87f8b7e93c9fbc0c4ef1ce2a') in 0.168825 seconds
  Import took 0.171173 seconds .

========================================================================
Received Import Request.
  Time since last request: 3.077834 seconds.
  path: Assets/RW/Prefabs/Sheep.prefab
  artifactKey: Guid(511237b917fb84d109e6d11e004c0175) Importer(815301076,1909f56bfc062723c751e8b465ee728b)
Start importing Assets/RW/Prefabs/Sheep.prefab using Guid(511237b917fb84d109e6d11e004c0175) Importer(815301076,1909f56bfc062723c751e8b465ee728b)  -> (artifact id: '09fb1e7b87f8b7e93c9fbc0c4ef1ce2a') in 0.014102 seconds
  Import took 0.016788 seconds .

========================================================================
Received Prepare
Registering precompiled user dll's ...
Registered in 0.000735 seconds.
Begin MonoManager ReloadAssembly
Native extension for WindowsStandalone target not found
Native extension for OSXStandalone target not found
Refreshing native plugins compatible for Editor in 0.19 ms, found 1 plugins.
Preloading 0 native plugins for Editor in 0.00 ms.
Invoked RoslynAnalysisRunner static constructor.
RoslynAnalysisRunner will not be running.
RoslynAnalysisRunner has terminated.
Mono: successfully reloaded assembly
- Completed reload, in  1.255 seconds
Platform modules already initialized, skipping
Refreshing native plugins compatible for Editor in 0.15 ms, found 1 plugins.
Preloading 0 native plugins for Editor in 0.00 ms.
Unloading 1092 Unused Serialized files (Serialized files now loaded: 0)
System memory in use before: 142.4 MB.
System memory in use after: 142.5 MB.

Unloading 4 unused Assets to reduce memory usage. Loaded Objects now: 1555.
Total: 1.107500 ms (FindLiveObjects: 0.098375 ms CreateObjectMapping: 0.024417 ms MarkObjects: 0.958750 ms  DeleteObjects: 0.025000 ms)

========================================================================
Received Import Request.
  Time since last request: 159.861396 seconds.
  path: Assets/RW/Scenes/Game.unity
  artifactKey: Guid(c7d17eeaad25ad645b5a59c641b15767) Importer(815301076,1909f56bfc062723c751e8b465ee728b)
Start importing Assets/RW/Scenes/Game.unity using Guid(c7d17eeaad25ad645b5a59c641b15767) Importer(815301076,1909f56bfc062723c751e8b465ee728b)  -> (artifact id: '25602fbecfb5014da43809589936e024') in 0.084099 seconds
  Import took 0.090213 seconds .

========================================================================
Received Prepare
Registering precompiled user dll's ...
Registered in 0.001047 seconds.
Begin MonoManager ReloadAssembly
Native extension for WindowsStandalone target not found
Native extension for OSXStandalone target not found
Refreshing native plugins compatible for Editor in 0.18 ms, found 1 plugins.
Preloading 0 native plugins for Editor in 0.00 ms.
Invoked RoslynAnalysisRunner static constructor.
RoslynAnalysisRunner will not be running.
RoslynAnalysisRunner has terminated.
Mono: successfully reloaded assembly
- Completed reload, in  1.372 seconds
Platform modules already initialized, skipping
Refreshing native plugins compatible for Editor in 0.21 ms, found 1 plugins.
Preloading 0 native plugins for Editor in 0.00 ms.
Unloading 1092 Unused Serialized files (Serialized files now loaded: 0)
System memory in use before: 143.8 MB.
System memory in use after: 143.9 MB.

Unloading 4 unused Assets to reduce memory usage. Loaded Objects now: 1557.
Total: 1.556834 ms (FindLiveObjects: 0.181792 ms CreateObjectMapping: 0.031375 ms MarkObjects: 1.310917 ms  DeleteObjects: 0.031542 ms)

========================================================================
Received Prepare
Refreshing native plugins compatible for Editor in 0.80 ms, found 1 plugins.
Preloading 0 native plugins for Editor in 0.00 ms.
Unloading 2 Unused Serialized files (Serialized files now loaded: 0)
System memory in use before: 121.2 MB.
System memory in use after: 121.4 MB.

Unloading 2 unused Assets to reduce memory usage. Loaded Objects now: 1557.
Total: 37.615875 ms (FindLiveObjects: 1.655583 ms CreateObjectMapping: 0.030458 ms MarkObjects: 35.893583 ms  DeleteObjects: 0.035250 ms)

